2025-01-23 14:39:32,525 INFO    StreamThr :100435 [internal.py:wandb_internal():86] W&B internal server running at pid: 100435, started at: 2025-01-23 14:39:32.525273
2025-01-23 14:39:32,527 DEBUG   HandlerThread:100435 [handler.py:handle_request():146] handle_request: status
2025-01-23 14:39:32,527 INFO    WriterThread:100435 [datastore.py:open_for_write():87] open: /home/ale/project-sim2real-montana-scavone/Extension_walker_2D/UDR/wandb/run-20250123_143932-o7ug0fj6/run-o7ug0fj6.wandb
2025-01-23 14:39:32,528 DEBUG   SenderThread:100435 [sender.py:send():379] send: header
2025-01-23 14:39:32,537 DEBUG   SenderThread:100435 [sender.py:send():379] send: run
2025-01-23 14:39:32,977 INFO    SenderThread:100435 [dir_watcher.py:__init__():211] watching files in: /home/ale/project-sim2real-montana-scavone/Extension_walker_2D/UDR/wandb/run-20250123_143932-o7ug0fj6/files
2025-01-23 14:39:32,977 INFO    SenderThread:100435 [sender.py:_start_run_threads():1124] run started: o7ug0fj6 with start time 1737639572.525731
2025-01-23 14:39:32,981 DEBUG   HandlerThread:100435 [handler.py:handle_request():146] handle_request: check_version
2025-01-23 14:39:32,981 DEBUG   SenderThread:100435 [sender.py:send_request():406] send_request: check_version
2025-01-23 14:39:33,075 DEBUG   HandlerThread:100435 [handler.py:handle_request():146] handle_request: run_start
2025-01-23 14:39:33,082 DEBUG   HandlerThread:100435 [system_info.py:__init__():26] System info init
2025-01-23 14:39:33,082 DEBUG   HandlerThread:100435 [system_info.py:__init__():41] System info init done
2025-01-23 14:39:33,082 INFO    HandlerThread:100435 [system_monitor.py:start():194] Starting system monitor
2025-01-23 14:39:33,082 INFO    SystemMonitor:100435 [system_monitor.py:_start():158] Starting system asset monitoring threads
2025-01-23 14:39:33,082 INFO    HandlerThread:100435 [system_monitor.py:probe():214] Collecting system info
2025-01-23 14:39:33,083 INFO    SystemMonitor:100435 [interfaces.py:start():190] Started cpu monitoring
2025-01-23 14:39:33,084 INFO    SystemMonitor:100435 [interfaces.py:start():190] Started disk monitoring
2025-01-23 14:39:33,085 INFO    SystemMonitor:100435 [interfaces.py:start():190] Started gpu monitoring
2025-01-23 14:39:33,085 INFO    SystemMonitor:100435 [interfaces.py:start():190] Started memory monitoring
2025-01-23 14:39:33,086 INFO    SystemMonitor:100435 [interfaces.py:start():190] Started network monitoring
2025-01-23 14:39:33,096 DEBUG   HandlerThread:100435 [system_info.py:probe():150] Probing system
2025-01-23 14:39:33,104 ERROR   gpu       :100435 [interfaces.py:monitor():144] Failed to sample metric: Not Supported
2025-01-23 14:39:33,104 ERROR   gpu       :100435 [interfaces.py:monitor():144] Failed to sample metric: Not Supported
2025-01-23 14:39:33,138 DEBUG   HandlerThread:100435 [system_info.py:_probe_git():135] Probing git
2025-01-23 14:39:33,142 DEBUG   HandlerThread:100435 [system_info.py:_probe_git():143] Probing git done
2025-01-23 14:39:33,142 DEBUG   HandlerThread:100435 [system_info.py:probe():198] Probing system done
2025-01-23 14:39:33,142 DEBUG   HandlerThread:100435 [system_monitor.py:probe():223] {'os': 'Linux-5.15.167.4-microsoft-standard-WSL2-x86_64-with-glibc2.17', 'python': '3.8.20', 'heartbeatAt': '2025-01-23T13:39:33.096568', 'startedAt': '2025-01-23T13:39:32.521735', 'docker': None, 'cuda': None, 'args': (), 'state': 'running', 'program': '/home/ale/project-sim2real-montana-scavone/Extension_walker_2D/UDR/train.py', 'codePathLocal': 'train.py', 'codePath': 'Extension_walker_2D/UDR/train.py', 'git': {'remote': 'git@github.com:PolitoVandal/project-sim2real-montana-scavone.git', 'commit': '50a0938499fb70e6781edd7458a9371485f61356'}, 'email': 'alex.scavone@hotmail.it', 'root': '/home/ale/project-sim2real-montana-scavone', 'host': 'DESKTOP-ALE', 'username': 'ale', 'executable': '/home/ale/miniconda3/envs/rl/bin/python', 'cpu_count': 12, 'cpu_count_logical': 24, 'cpu_freq': {'current': 2112.0, 'min': 0.0, 'max': 0.0}, 'cpu_freq_per_core': [{'current': 2112.0, 'min': 0.0, 'max': 0.0}, {'current': 2112.0, 'min': 0.0, 'max': 0.0}, {'current': 2112.0, 'min': 0.0, 'max': 0.0}, {'current': 2112.0, 'min': 0.0, 'max': 0.0}, {'current': 2112.0, 'min': 0.0, 'max': 0.0}, {'current': 2112.0, 'min': 0.0, 'max': 0.0}, {'current': 2112.0, 'min': 0.0, 'max': 0.0}, {'current': 2112.0, 'min': 0.0, 'max': 0.0}, {'current': 2112.0, 'min': 0.0, 'max': 0.0}, {'current': 2112.0, 'min': 0.0, 'max': 0.0}, {'current': 2112.0, 'min': 0.0, 'max': 0.0}, {'current': 2112.0, 'min': 0.0, 'max': 0.0}, {'current': 2112.0, 'min': 0.0, 'max': 0.0}, {'current': 2112.0, 'min': 0.0, 'max': 0.0}, {'current': 2112.0, 'min': 0.0, 'max': 0.0}, {'current': 2112.0, 'min': 0.0, 'max': 0.0}, {'current': 2112.0, 'min': 0.0, 'max': 0.0}, {'current': 2112.0, 'min': 0.0, 'max': 0.0}, {'current': 2112.0, 'min': 0.0, 'max': 0.0}, {'current': 2112.0, 'min': 0.0, 'max': 0.0}, {'current': 2112.0, 'min': 0.0, 'max': 0.0}, {'current': 2112.0, 'min': 0.0, 'max': 0.0}, {'current': 2112.0, 'min': 0.0, 'max': 0.0}, {'current': 2112.0, 'min': 0.0, 'max': 0.0}], 'disk': {'/': {'total': 1006.853931427002, 'used': 16.392757415771484}}, 'gpu': 'NVIDIA GeForce RTX 4060', 'gpu_count': 1, 'gpu_devices': [{'name': 'NVIDIA GeForce RTX 4060', 'memory_total': 8585740288}], 'memory': {'total': 15.534679412841797}}
2025-01-23 14:39:33,142 INFO    HandlerThread:100435 [system_monitor.py:probe():224] Finished collecting system info
2025-01-23 14:39:33,142 INFO    HandlerThread:100435 [system_monitor.py:probe():227] Publishing system info
2025-01-23 14:39:33,142 DEBUG   HandlerThread:100435 [system_info.py:_save_conda():207] Saving list of conda packages installed into the current environment
2025-01-23 14:39:33,507 DEBUG   HandlerThread:100435 [system_info.py:_save_conda():222] Saving conda packages done
2025-01-23 14:39:33,508 INFO    HandlerThread:100435 [system_monitor.py:probe():229] Finished publishing system info
2025-01-23 14:39:33,511 DEBUG   SenderThread:100435 [sender.py:send():379] send: files
2025-01-23 14:39:33,511 INFO    SenderThread:100435 [sender.py:_save_file():1390] saving file wandb-metadata.json with policy now
2025-01-23 14:39:33,570 DEBUG   HandlerThread:100435 [handler.py:handle_request():146] handle_request: python_packages
2025-01-23 14:39:33,570 DEBUG   SenderThread:100435 [sender.py:send_request():406] send_request: python_packages
2025-01-23 14:39:33,570 DEBUG   HandlerThread:100435 [handler.py:handle_request():146] handle_request: stop_status
2025-01-23 14:39:33,571 DEBUG   SenderThread:100435 [sender.py:send_request():406] send_request: stop_status
2025-01-23 14:39:33,571 DEBUG   HandlerThread:100435 [handler.py:handle_request():146] handle_request: internal_messages
2025-01-23 14:39:33,772 DEBUG   SenderThread:100435 [sender.py:send():379] send: telemetry
2025-01-23 14:39:33,978 INFO    Thread-12 :100435 [dir_watcher.py:_on_file_created():271] file/dir created: /home/ale/project-sim2real-montana-scavone/Extension_walker_2D/UDR/wandb/run-20250123_143932-o7ug0fj6/files/conda-environment.yaml
2025-01-23 14:39:33,978 INFO    Thread-12 :100435 [dir_watcher.py:_on_file_created():271] file/dir created: /home/ale/project-sim2real-montana-scavone/Extension_walker_2D/UDR/wandb/run-20250123_143932-o7ug0fj6/files/requirements.txt
2025-01-23 14:39:33,978 INFO    Thread-12 :100435 [dir_watcher.py:_on_file_created():271] file/dir created: /home/ale/project-sim2real-montana-scavone/Extension_walker_2D/UDR/wandb/run-20250123_143932-o7ug0fj6/files/wandb-metadata.json
2025-01-23 14:39:34,061 INFO    wandb-upload_0:100435 [upload_job.py:push():131] Uploaded file /tmp/tmpcjkhihqdwandb/c4lxkpmt-wandb-metadata.json
2025-01-23 14:39:35,109 ERROR   gpu       :100435 [interfaces.py:monitor():144] Failed to sample metric: Not Supported
2025-01-23 14:39:35,109 ERROR   gpu       :100435 [interfaces.py:monitor():144] Failed to sample metric: Not Supported
2025-01-23 14:39:35,978 INFO    Thread-12 :100435 [dir_watcher.py:_on_file_created():271] file/dir created: /home/ale/project-sim2real-montana-scavone/Extension_walker_2D/UDR/wandb/run-20250123_143932-o7ug0fj6/files/output.log
2025-01-23 14:39:37,115 ERROR   gpu       :100435 [interfaces.py:monitor():144] Failed to sample metric: Not Supported
2025-01-23 14:39:37,115 ERROR   gpu       :100435 [interfaces.py:monitor():144] Failed to sample metric: Not Supported
2025-01-23 14:39:37,978 INFO    Thread-12 :100435 [dir_watcher.py:_on_file_modified():288] file/dir modified: /home/ale/project-sim2real-montana-scavone/Extension_walker_2D/UDR/wandb/run-20250123_143932-o7ug0fj6/files/output.log
2025-01-23 14:39:37,988 DEBUG   HandlerThread:100435 [handler.py:handle_request():146] handle_request: status_report
2025-01-23 14:39:38,321 DEBUG   HandlerThread:100435 [handler.py:handle_request():146] handle_request: partial_history
2025-01-23 14:39:38,321 DEBUG   SenderThread:100435 [sender.py:send():379] send: history
2025-01-23 14:39:38,321 DEBUG   SenderThread:100435 [sender.py:send_request():406] send_request: summary_record
2025-01-23 14:39:38,322 INFO    SenderThread:100435 [sender.py:_save_file():1390] saving file wandb-summary.json with policy end
2025-01-23 14:39:38,348 DEBUG   SenderThread:100435 [sender.py:send():379] send: exit
2025-01-23 14:39:38,348 INFO    SenderThread:100435 [sender.py:send_exit():586] handling exit code: 0
2025-01-23 14:39:38,348 INFO    SenderThread:100435 [sender.py:send_exit():588] handling runtime: 5
2025-01-23 14:39:38,349 INFO    SenderThread:100435 [sender.py:_save_file():1390] saving file wandb-summary.json with policy end
2025-01-23 14:39:38,349 INFO    SenderThread:100435 [sender.py:send_exit():594] send defer
2025-01-23 14:39:38,349 DEBUG   HandlerThread:100435 [handler.py:handle_request():146] handle_request: defer
2025-01-23 14:39:38,349 INFO    HandlerThread:100435 [handler.py:handle_request_defer():172] handle defer: 0
2025-01-23 14:39:38,349 DEBUG   SenderThread:100435 [sender.py:send_request():406] send_request: defer
2025-01-23 14:39:38,349 INFO    SenderThread:100435 [sender.py:send_request_defer():610] handle sender defer: 0
2025-01-23 14:39:38,349 INFO    SenderThread:100435 [sender.py:transition_state():614] send defer: 1
2025-01-23 14:39:38,349 DEBUG   HandlerThread:100435 [handler.py:handle_request():146] handle_request: defer
2025-01-23 14:39:38,349 INFO    HandlerThread:100435 [handler.py:handle_request_defer():172] handle defer: 1
2025-01-23 14:39:38,349 DEBUG   SenderThread:100435 [sender.py:send_request():406] send_request: defer
2025-01-23 14:39:38,349 INFO    SenderThread:100435 [sender.py:send_request_defer():610] handle sender defer: 1
2025-01-23 14:39:38,349 INFO    SenderThread:100435 [sender.py:transition_state():614] send defer: 2
2025-01-23 14:39:38,349 DEBUG   HandlerThread:100435 [handler.py:handle_request():146] handle_request: defer
2025-01-23 14:39:38,349 INFO    HandlerThread:100435 [handler.py:handle_request_defer():172] handle defer: 2
2025-01-23 14:39:38,349 INFO    HandlerThread:100435 [system_monitor.py:finish():203] Stopping system monitor
2025-01-23 14:39:38,350 DEBUG   SystemMonitor:100435 [system_monitor.py:_start():172] Starting system metrics aggregation loop
2025-01-23 14:39:38,350 INFO    HandlerThread:100435 [interfaces.py:finish():202] Joined cpu monitor
2025-01-23 14:39:38,350 INFO    HandlerThread:100435 [interfaces.py:finish():202] Joined disk monitor
2025-01-23 14:39:38,350 DEBUG   SystemMonitor:100435 [system_monitor.py:_start():179] Finished system metrics aggregation loop
2025-01-23 14:39:38,350 DEBUG   SystemMonitor:100435 [system_monitor.py:_start():183] Publishing last batch of metrics
2025-01-23 14:39:38,356 ERROR   gpu       :100435 [interfaces.py:aggregate():161] Failed to serialize metric: division by zero
2025-01-23 14:39:38,356 INFO    HandlerThread:100435 [interfaces.py:finish():202] Joined gpu monitor
2025-01-23 14:39:38,356 INFO    HandlerThread:100435 [interfaces.py:finish():202] Joined memory monitor
2025-01-23 14:39:38,356 INFO    HandlerThread:100435 [interfaces.py:finish():202] Joined network monitor
2025-01-23 14:39:38,356 DEBUG   SenderThread:100435 [sender.py:send_request():406] send_request: defer
2025-01-23 14:39:38,356 INFO    SenderThread:100435 [sender.py:send_request_defer():610] handle sender defer: 2
2025-01-23 14:39:38,356 INFO    SenderThread:100435 [sender.py:transition_state():614] send defer: 3
2025-01-23 14:39:38,356 DEBUG   SenderThread:100435 [sender.py:send():379] send: stats
2025-01-23 14:39:38,356 DEBUG   HandlerThread:100435 [handler.py:handle_request():146] handle_request: defer
2025-01-23 14:39:38,356 INFO    HandlerThread:100435 [handler.py:handle_request_defer():172] handle defer: 3
2025-01-23 14:39:38,357 DEBUG   SenderThread:100435 [sender.py:send_request():406] send_request: defer
2025-01-23 14:39:38,357 INFO    SenderThread:100435 [sender.py:send_request_defer():610] handle sender defer: 3
2025-01-23 14:39:38,357 INFO    SenderThread:100435 [sender.py:transition_state():614] send defer: 4
2025-01-23 14:39:38,357 DEBUG   HandlerThread:100435 [handler.py:handle_request():146] handle_request: defer
2025-01-23 14:39:38,357 INFO    HandlerThread:100435 [handler.py:handle_request_defer():172] handle defer: 4
2025-01-23 14:39:38,357 DEBUG   SenderThread:100435 [sender.py:send_request():406] send_request: defer
2025-01-23 14:39:38,357 INFO    SenderThread:100435 [sender.py:send_request_defer():610] handle sender defer: 4
2025-01-23 14:39:38,357 INFO    SenderThread:100435 [sender.py:transition_state():614] send defer: 5
2025-01-23 14:39:38,357 DEBUG   HandlerThread:100435 [handler.py:handle_request():146] handle_request: defer
2025-01-23 14:39:38,357 INFO    HandlerThread:100435 [handler.py:handle_request_defer():172] handle defer: 5
2025-01-23 14:39:38,357 DEBUG   SenderThread:100435 [sender.py:send():379] send: summary
2025-01-23 14:39:38,357 INFO    SenderThread:100435 [sender.py:_save_file():1390] saving file wandb-summary.json with policy end
2025-01-23 14:39:38,357 DEBUG   SenderThread:100435 [sender.py:send_request():406] send_request: defer
2025-01-23 14:39:38,357 INFO    SenderThread:100435 [sender.py:send_request_defer():610] handle sender defer: 5
2025-01-23 14:39:38,357 INFO    SenderThread:100435 [sender.py:transition_state():614] send defer: 6
2025-01-23 14:39:38,358 DEBUG   HandlerThread:100435 [handler.py:handle_request():146] handle_request: defer
2025-01-23 14:39:38,358 INFO    HandlerThread:100435 [handler.py:handle_request_defer():172] handle defer: 6
2025-01-23 14:39:38,358 DEBUG   SenderThread:100435 [sender.py:send_request():406] send_request: defer
2025-01-23 14:39:38,358 INFO    SenderThread:100435 [sender.py:send_request_defer():610] handle sender defer: 6
2025-01-23 14:39:38,359 DEBUG   HandlerThread:100435 [handler.py:handle_request():146] handle_request: status_report
2025-01-23 14:39:38,540 INFO    SenderThread:100435 [sender.py:transition_state():614] send defer: 7
2025-01-23 14:39:38,541 DEBUG   HandlerThread:100435 [handler.py:handle_request():146] handle_request: defer
2025-01-23 14:39:38,541 INFO    HandlerThread:100435 [handler.py:handle_request_defer():172] handle defer: 7
2025-01-23 14:39:38,541 DEBUG   SenderThread:100435 [sender.py:send_request():406] send_request: defer
2025-01-23 14:39:38,542 INFO    SenderThread:100435 [sender.py:send_request_defer():610] handle sender defer: 7
2025-01-23 14:39:38,980 INFO    Thread-12 :100435 [dir_watcher.py:_on_file_modified():288] file/dir modified: /home/ale/project-sim2real-montana-scavone/Extension_walker_2D/UDR/wandb/run-20250123_143932-o7ug0fj6/files/config.yaml
2025-01-23 14:39:38,980 INFO    Thread-12 :100435 [dir_watcher.py:_on_file_created():271] file/dir created: /home/ale/project-sim2real-montana-scavone/Extension_walker_2D/UDR/wandb/run-20250123_143932-o7ug0fj6/files/wandb-summary.json
2025-01-23 14:39:39,349 DEBUG   HandlerThread:100435 [handler.py:handle_request():146] handle_request: poll_exit
2025-01-23 14:39:39,954 INFO    SenderThread:100435 [sender.py:transition_state():614] send defer: 8
2025-01-23 14:39:39,954 DEBUG   SenderThread:100435 [sender.py:send_request():406] send_request: poll_exit
2025-01-23 14:39:39,955 DEBUG   HandlerThread:100435 [handler.py:handle_request():146] handle_request: defer
2025-01-23 14:39:39,955 INFO    HandlerThread:100435 [handler.py:handle_request_defer():172] handle defer: 8
2025-01-23 14:39:39,955 DEBUG   SenderThread:100435 [sender.py:send_request():406] send_request: defer
2025-01-23 14:39:39,955 INFO    SenderThread:100435 [sender.py:send_request_defer():610] handle sender defer: 8
2025-01-23 14:39:39,955 INFO    SenderThread:100435 [job_builder.py:build():318] Attempting to build job artifact
2025-01-23 14:39:39,955 INFO    SenderThread:100435 [job_builder.py:_get_source_type():455] is repo sourced job
2025-01-23 14:39:39,967 INFO    SenderThread:100435 [job_builder.py:build():431] adding wandb-job metadata file
2025-01-23 14:39:39,970 INFO    SenderThread:100435 [sender.py:transition_state():614] send defer: 9
2025-01-23 14:39:39,971 DEBUG   HandlerThread:100435 [handler.py:handle_request():146] handle_request: defer
2025-01-23 14:39:39,971 DEBUG   SenderThread:100435 [sender.py:send():379] send: artifact
2025-01-23 14:39:39,971 INFO    HandlerThread:100435 [handler.py:handle_request_defer():172] handle defer: 9
2025-01-23 14:39:39,980 INFO    Thread-12 :100435 [dir_watcher.py:_on_file_modified():288] file/dir modified: /home/ale/project-sim2real-montana-scavone/Extension_walker_2D/UDR/wandb/run-20250123_143932-o7ug0fj6/files/output.log
2025-01-23 14:39:40,353 DEBUG   HandlerThread:100435 [handler.py:handle_request():146] handle_request: poll_exit
2025-01-23 14:39:44,158 INFO    wandb-upload_1:100435 [upload_job.py:push():89] Uploaded file /home/ale/.local/share/wandb/artifacts/staging/tmp_mq10u2k
2025-01-23 14:39:44,268 INFO    wandb-upload_0:100435 [upload_job.py:push():89] Uploaded file /tmp/tmpb5rhb2zj/wandb-job.json
2025-01-23 14:39:45,365 INFO    SenderThread:100435 [sender.py:send_artifact():1468] sent artifact job-git_github.com_PolitoVandal_project-sim2real-montana-scavone.git_Extension_walker_2D_UDR_train.py - {'id': 'QXJ0aWZhY3Q6MTQ2MDUxMjg5MA==', 'state': 'PENDING', 'artifactSequence': {'id': 'QXJ0aWZhY3RDb2xsZWN0aW9uOjU0NTc1NDc2NA==', 'latestArtifact': None}}
2025-01-23 14:39:45,365 DEBUG   SenderThread:100435 [sender.py:send_request():406] send_request: defer
2025-01-23 14:39:45,365 INFO    SenderThread:100435 [sender.py:send_request_defer():610] handle sender defer: 9
2025-01-23 14:39:45,365 INFO    SenderThread:100435 [dir_watcher.py:finish():358] shutting down directory watcher
2025-01-23 14:39:45,724 INFO    SenderThread:100435 [dir_watcher.py:finish():388] scan: /home/ale/project-sim2real-montana-scavone/Extension_walker_2D/UDR/wandb/run-20250123_143932-o7ug0fj6/files
2025-01-23 14:39:45,724 INFO    SenderThread:100435 [dir_watcher.py:finish():402] scan save: /home/ale/project-sim2real-montana-scavone/Extension_walker_2D/UDR/wandb/run-20250123_143932-o7ug0fj6/files/config.yaml config.yaml
2025-01-23 14:39:45,724 INFO    SenderThread:100435 [dir_watcher.py:finish():402] scan save: /home/ale/project-sim2real-montana-scavone/Extension_walker_2D/UDR/wandb/run-20250123_143932-o7ug0fj6/files/wandb-metadata.json wandb-metadata.json
2025-01-23 14:39:45,724 INFO    SenderThread:100435 [dir_watcher.py:finish():402] scan save: /home/ale/project-sim2real-montana-scavone/Extension_walker_2D/UDR/wandb/run-20250123_143932-o7ug0fj6/files/wandb-summary.json wandb-summary.json
2025-01-23 14:39:45,725 INFO    SenderThread:100435 [dir_watcher.py:finish():402] scan save: /home/ale/project-sim2real-montana-scavone/Extension_walker_2D/UDR/wandb/run-20250123_143932-o7ug0fj6/files/conda-environment.yaml conda-environment.yaml
2025-01-23 14:39:45,726 INFO    SenderThread:100435 [dir_watcher.py:finish():402] scan save: /home/ale/project-sim2real-montana-scavone/Extension_walker_2D/UDR/wandb/run-20250123_143932-o7ug0fj6/files/output.log output.log
2025-01-23 14:39:45,727 INFO    SenderThread:100435 [dir_watcher.py:finish():402] scan save: /home/ale/project-sim2real-montana-scavone/Extension_walker_2D/UDR/wandb/run-20250123_143932-o7ug0fj6/files/requirements.txt requirements.txt
2025-01-23 14:39:45,730 INFO    SenderThread:100435 [sender.py:transition_state():614] send defer: 10
2025-01-23 14:39:45,730 DEBUG   SenderThread:100435 [sender.py:send_request():406] send_request: poll_exit
2025-01-23 14:39:45,730 DEBUG   HandlerThread:100435 [handler.py:handle_request():146] handle_request: defer
2025-01-23 14:39:45,732 INFO    HandlerThread:100435 [handler.py:handle_request_defer():172] handle defer: 10
2025-01-23 14:39:45,732 DEBUG   SenderThread:100435 [sender.py:send_request():406] send_request: defer
2025-01-23 14:39:45,732 INFO    SenderThread:100435 [sender.py:send_request_defer():610] handle sender defer: 10
2025-01-23 14:39:45,732 INFO    SenderThread:100435 [file_pusher.py:finish():172] shutting down file pusher
2025-01-23 14:39:46,040 DEBUG   HandlerThread:100435 [handler.py:handle_request():146] handle_request: poll_exit
2025-01-23 14:39:46,041 DEBUG   SenderThread:100435 [sender.py:send_request():406] send_request: poll_exit
2025-01-23 14:39:46,152 INFO    wandb-upload_1:100435 [upload_job.py:push():131] Uploaded file /home/ale/project-sim2real-montana-scavone/Extension_walker_2D/UDR/wandb/run-20250123_143932-o7ug0fj6/files/config.yaml
2025-01-23 14:39:46,200 INFO    wandb-upload_0:100435 [upload_job.py:push():131] Uploaded file /home/ale/project-sim2real-montana-scavone/Extension_walker_2D/UDR/wandb/run-20250123_143932-o7ug0fj6/files/wandb-summary.json
2025-01-23 14:39:46,270 INFO    wandb-upload_3:100435 [upload_job.py:push():131] Uploaded file /home/ale/project-sim2real-montana-scavone/Extension_walker_2D/UDR/wandb/run-20250123_143932-o7ug0fj6/files/output.log
2025-01-23 14:39:46,271 INFO    wandb-upload_4:100435 [upload_job.py:push():131] Uploaded file /home/ale/project-sim2real-montana-scavone/Extension_walker_2D/UDR/wandb/run-20250123_143932-o7ug0fj6/files/requirements.txt
2025-01-23 14:39:46,273 INFO    wandb-upload_2:100435 [upload_job.py:push():131] Uploaded file /home/ale/project-sim2real-montana-scavone/Extension_walker_2D/UDR/wandb/run-20250123_143932-o7ug0fj6/files/conda-environment.yaml
2025-01-23 14:39:46,475 INFO    Thread-11 :100435 [sender.py:transition_state():614] send defer: 11
2025-01-23 14:39:46,476 DEBUG   HandlerThread:100435 [handler.py:handle_request():146] handle_request: defer
2025-01-23 14:39:46,476 INFO    HandlerThread:100435 [handler.py:handle_request_defer():172] handle defer: 11
2025-01-23 14:39:46,477 DEBUG   SenderThread:100435 [sender.py:send_request():406] send_request: defer
2025-01-23 14:39:46,477 INFO    SenderThread:100435 [sender.py:send_request_defer():610] handle sender defer: 11
2025-01-23 14:39:46,477 INFO    SenderThread:100435 [file_pusher.py:join():178] waiting for file pusher
2025-01-23 14:39:46,477 INFO    SenderThread:100435 [sender.py:transition_state():614] send defer: 12
2025-01-23 14:39:46,477 DEBUG   HandlerThread:100435 [handler.py:handle_request():146] handle_request: defer
2025-01-23 14:39:46,477 INFO    HandlerThread:100435 [handler.py:handle_request_defer():172] handle defer: 12
2025-01-23 14:39:46,477 DEBUG   SenderThread:100435 [sender.py:send_request():406] send_request: defer
2025-01-23 14:39:46,477 INFO    SenderThread:100435 [sender.py:send_request_defer():610] handle sender defer: 12
2025-01-23 14:39:46,477 INFO    SenderThread:100435 [file_stream.py:finish():614] file stream finish called
2025-01-23 14:39:46,682 INFO    SenderThread:100435 [file_stream.py:finish():618] file stream finish is done
2025-01-23 14:39:46,683 INFO    SenderThread:100435 [sender.py:transition_state():614] send defer: 13
2025-01-23 14:39:46,683 DEBUG   HandlerThread:100435 [handler.py:handle_request():146] handle_request: defer
2025-01-23 14:39:46,683 INFO    HandlerThread:100435 [handler.py:handle_request_defer():172] handle defer: 13
2025-01-23 14:39:46,683 DEBUG   SenderThread:100435 [sender.py:send_request():406] send_request: defer
2025-01-23 14:39:46,683 INFO    SenderThread:100435 [sender.py:send_request_defer():610] handle sender defer: 13
2025-01-23 14:39:46,683 INFO    SenderThread:100435 [sender.py:transition_state():614] send defer: 14
2025-01-23 14:39:46,683 DEBUG   HandlerThread:100435 [handler.py:handle_request():146] handle_request: defer
2025-01-23 14:39:46,683 INFO    HandlerThread:100435 [handler.py:handle_request_defer():172] handle defer: 14
2025-01-23 14:39:46,684 DEBUG   SenderThread:100435 [sender.py:send():379] send: final
2025-01-23 14:39:46,684 DEBUG   SenderThread:100435 [sender.py:send():379] send: footer
2025-01-23 14:39:46,684 DEBUG   SenderThread:100435 [sender.py:send_request():406] send_request: defer
2025-01-23 14:39:46,684 INFO    SenderThread:100435 [sender.py:send_request_defer():610] handle sender defer: 14
2025-01-23 14:39:46,684 DEBUG   HandlerThread:100435 [handler.py:handle_request():146] handle_request: poll_exit
2025-01-23 14:39:46,685 DEBUG   HandlerThread:100435 [handler.py:handle_request():146] handle_request: poll_exit
2025-01-23 14:39:46,685 DEBUG   HandlerThread:100435 [handler.py:handle_request():146] handle_request: server_info
2025-01-23 14:39:46,685 DEBUG   HandlerThread:100435 [handler.py:handle_request():146] handle_request: get_summary
2025-01-23 14:39:46,685 DEBUG   HandlerThread:100435 [handler.py:handle_request():146] handle_request: sampled_history
2025-01-23 14:39:46,685 DEBUG   HandlerThread:100435 [handler.py:handle_request():146] handle_request: internal_messages
2025-01-23 14:39:46,685 DEBUG   SenderThread:100435 [sender.py:send_request():406] send_request: poll_exit
2025-01-23 14:39:46,685 DEBUG   SenderThread:100435 [sender.py:send_request():406] send_request: poll_exit
2025-01-23 14:39:46,686 DEBUG   SenderThread:100435 [sender.py:send_request():406] send_request: server_info
2025-01-23 14:39:46,871 INFO    MainThread:100435 [wandb_run.py:_footer_history_summary_info():3936] rendering history
2025-01-23 14:39:46,872 INFO    MainThread:100435 [wandb_run.py:_footer_history_summary_info():3968] rendering summary
2025-01-23 14:39:46,872 INFO    MainThread:100435 [wandb_run.py:_footer_sync_info():3895] logging synced files
2025-01-23 14:39:46,872 DEBUG   HandlerThread:100435 [handler.py:handle_request():146] handle_request: shutdown
2025-01-23 14:39:46,872 INFO    HandlerThread:100435 [handler.py:finish():866] shutting down handler
2025-01-23 14:39:47,688 INFO    WriterThread:100435 [datastore.py:close():296] close: /home/ale/project-sim2real-montana-scavone/Extension_walker_2D/UDR/wandb/run-20250123_143932-o7ug0fj6/run-o7ug0fj6.wandb
2025-01-23 14:39:47,875 INFO    SenderThread:100435 [sender.py:finish():1546] shutting down sender
2025-01-23 14:39:47,875 INFO    SenderThread:100435 [file_pusher.py:finish():172] shutting down file pusher
2025-01-23 14:39:47,876 INFO    SenderThread:100435 [file_pusher.py:join():178] waiting for file pusher
